<?xml version="1.0" encoding="UTF-8"?>
<!-- Generated by org.testng.reporters.JUnitXMLReporter -->
<testsuite hostname="DESKTOP-RA14IEP" ignored="0" name="Default test" tests="4" failures="0" timestamp="10 Apr 2021 04:39:02 GMT" time="85.769" errors="0">
  <testcase name="Case" time="18.692" classname="TestCase.TestCases"/>
  <testcase name="Case" time="9.912" classname="TestCase.TestCases"/>
  <testcase name="Case" time="14.314" classname="TestCase.TestCases"/>
  <testcase name="Case" time="39.106" classname="TestCase.TestCases"/>
</testsuite> <!-- Default test -->
